This is pdfTeX, Version 3.14159265-2.6-1.40.20 (TeX Live 2019) (preloaded format=pdflatex 2020.2.3)  3 FEB 2020 10:24
entering extended mode
 restricted \write18 enabled.
 %&-line parsing enabled.
**Tormod_CV.tex
(./Tormod_CV.tex
LaTeX2e <2019-10-01> patch level 3
(/Users/st06810/Library/TinyTeX/texmf-dist/tex/latex/base/article.cls
Document Class: article 2019/10/25 v1.4k Standard LaTeX document class
(/Users/st06810/Library/TinyTeX/texmf-dist/tex/latex/base/size11.clo
File: size11.clo 2019/10/25 v1.4k Standard LaTeX file (size option)
)
\c@part=\count80
\c@section=\count81
\c@subsection=\count82
\c@subsubsection=\count83
\c@paragraph=\count84
\c@subparagraph=\count85
\c@figure=\count86
\c@table=\count87
\abovecaptionskip=\skip41
\belowcaptionskip=\skip42
\bibindent=\dimen102
) (/Users/st06810/Library/TinyTeX/texmf-dist/tex/latex/dejavu/DejaVuSansMono.st
y
Package: DejaVuSansMono 2011/06/01 Style file for DejaVuSansMono.
(/Users/st06810/Library/TinyTeX/texmf-dist/tex/latex/graphics/keyval.sty
Package: keyval 2014/10/28 v1.15 key=value parser (DPC)
\KV@toks@=\toks14
)) (/Users/st06810/Library/TinyTeX/texmf-dist/tex/latex/carlito/carlito.sty
Package: carlito 2014/08/20 (Bob Tennent) Supports Carlito fonts for LaTeX, pdf
LaTeX, luaLaTeX and xeLaTeX.
(/Users/st06810/Library/TinyTeX/texmf-dist/tex/generic/iftex/ifxetex.sty
Package: ifxetex 2019/10/25 v0.7 ifxetex legacy package. Use iftex instead.
(/Users/st06810/Library/TinyTeX/texmf-dist/tex/generic/iftex/iftex.sty
Package: iftex 2019/11/07 v1.0c TeX engine tests
)) (/Users/st06810/Library/TinyTeX/texmf-dist/tex/generic/iftex/ifluatex.sty
Package: ifluatex 2019/10/25 v1.5 ifluatex legacy package. Use iftex instead.
) (/Users/st06810/Library/TinyTeX/texmf-dist/tex/latex/xkeyval/xkeyval.sty
Package: xkeyval 2014/12/03 v2.7a package option processing (HA)
(/Users/st06810/Library/TinyTeX/texmf-dist/tex/generic/xkeyval/xkeyval.tex (/Us
ers/st06810/Library/TinyTeX/texmf-dist/tex/generic/xkeyval/xkvutils.tex
\XKV@toks=\toks15
\XKV@tempa@toks=\toks16
)
\XKV@depth=\count88
File: xkeyval.tex 2014/12/03 v2.7a key=value parser (HA)
)) (/Users/st06810/Library/TinyTeX/texmf-dist/tex/latex/base/textcomp.sty
Package: textcomp 2018/08/11 v2.0j Standard LaTeX package
Package textcomp Info: Sub-encoding information:
(textcomp)               5 = only ISO-Adobe without \textcurrency
(textcomp)               4 = 5 + \texteuro
(textcomp)               3 = 4 + \textohm
(textcomp)               2 = 3 + \textestimated + \textcurrency
(textcomp)               1 = TS1 - \textcircled - \t
(textcomp)               0 = TS1 (full)
(textcomp)             Font families with sub-encoding setting implement
(textcomp)             only a restricted character set as indicated.
(textcomp)             Family '?' is the default used for unknown fonts.
(textcomp)             See the documentation for details.
Package textcomp Info: Setting ? sub-encoding to TS1/1 on input line 79.
(/Users/st06810/Library/TinyTeX/texmf-dist/tex/latex/base/ts1enc.def
File: ts1enc.def 2001/06/05 v3.0e (jk/car/fm) Standard LaTeX file
Now handling font encoding TS1 ...
... processing UTF-8 mapping file for font encoding TS1
(/Users/st06810/Library/TinyTeX/texmf-dist/tex/latex/base/ts1enc.dfu
File: ts1enc.dfu 2019/07/11 v1.2j UTF-8 support for inputenc
   defining Unicode char U+00A2 (decimal 162)
   defining Unicode char U+00A3 (decimal 163)
   defining Unicode char U+00A4 (decimal 164)
   defining Unicode char U+00A5 (decimal 165)
   defining Unicode char U+00A6 (decimal 166)
   defining Unicode char U+00A7 (decimal 167)
   defining Unicode char U+00A8 (decimal 168)
   defining Unicode char U+00A9 (decimal 169)
   defining Unicode char U+00AA (decimal 170)
   defining Unicode char U+00AC (decimal 172)
   defining Unicode char U+00AE (decimal 174)
   defining Unicode char U+00AF (decimal 175)
   defining Unicode char U+00B0 (decimal 176)
   defining Unicode char U+00B1 (decimal 177)
   defining Unicode char U+00B2 (decimal 178)
   defining Unicode char U+00B3 (decimal 179)
   defining Unicode char U+00B4 (decimal 180)
   defining Unicode char U+00B5 (decimal 181)
   defining Unicode char U+00B6 (decimal 182)
   defining Unicode char U+00B7 (decimal 183)
   defining Unicode char U+00B9 (decimal 185)
   defining Unicode char U+00BA (decimal 186)
   defining Unicode char U+00BC (decimal 188)
   defining Unicode char U+00BD (decimal 189)
   defining Unicode char U+00BE (decimal 190)
   defining Unicode char U+00D7 (decimal 215)
   defining Unicode char U+00F7 (decimal 247)
   defining Unicode char U+0192 (decimal 402)
   defining Unicode char U+02C7 (decimal 711)
   defining Unicode char U+02D8 (decimal 728)
   defining Unicode char U+02DD (decimal 733)
   defining Unicode char U+0E3F (decimal 3647)
   defining Unicode char U+2016 (decimal 8214)
   defining Unicode char U+2020 (decimal 8224)
   defining Unicode char U+2021 (decimal 8225)
   defining Unicode char U+2022 (decimal 8226)
   defining Unicode char U+2030 (decimal 8240)
   defining Unicode char U+2031 (decimal 8241)
   defining Unicode char U+203B (decimal 8251)
   defining Unicode char U+203D (decimal 8253)
   defining Unicode char U+2044 (decimal 8260)
   defining Unicode char U+204E (decimal 8270)
   defining Unicode char U+2052 (decimal 8274)
   defining Unicode char U+20A1 (decimal 8353)
   defining Unicode char U+20A4 (decimal 8356)
   defining Unicode char U+20A6 (decimal 8358)
   defining Unicode char U+20A9 (decimal 8361)
   defining Unicode char U+20AB (decimal 8363)
   defining Unicode char U+20AC (decimal 8364)
   defining Unicode char U+20B1 (decimal 8369)
   defining Unicode char U+2103 (decimal 8451)
   defining Unicode char U+2116 (decimal 8470)
   defining Unicode char U+2117 (decimal 8471)
   defining Unicode char U+211E (decimal 8478)
   defining Unicode char U+2120 (decimal 8480)
   defining Unicode char U+2122 (decimal 8482)
   defining Unicode char U+2126 (decimal 8486)
   defining Unicode char U+2127 (decimal 8487)
   defining Unicode char U+212E (decimal 8494)
   defining Unicode char U+2190 (decimal 8592)
   defining Unicode char U+2191 (decimal 8593)
   defining Unicode char U+2192 (decimal 8594)
   defining Unicode char U+2193 (decimal 8595)
   defining Unicode char U+2329 (decimal 9001)
   defining Unicode char U+232A (decimal 9002)
   defining Unicode char U+2422 (decimal 9250)
   defining Unicode char U+25E6 (decimal 9702)
   defining Unicode char U+25EF (decimal 9711)
   defining Unicode char U+266A (decimal 9834)
   defining Unicode char U+27E8 (decimal 10216)
   defining Unicode char U+27E9 (decimal 10217)
   defining Unicode char U+FEFF (decimal 65279)
))
LaTeX Info: Redefining \oldstylenums on input line 334.
Package textcomp Info: Setting cmr sub-encoding to TS1/0 on input line 349.
Package textcomp Info: Setting cmss sub-encoding to TS1/0 on input line 350.
Package textcomp Info: Setting cmtt sub-encoding to TS1/0 on input line 351.
Package textcomp Info: Setting cmvtt sub-encoding to TS1/0 on input line 352.
Package textcomp Info: Setting cmbr sub-encoding to TS1/0 on input line 353.
Package textcomp Info: Setting cmtl sub-encoding to TS1/0 on input line 354.
Package textcomp Info: Setting ccr sub-encoding to TS1/0 on input line 355.
Package textcomp Info: Setting ptm sub-encoding to TS1/4 on input line 356.
Package textcomp Info: Setting pcr sub-encoding to TS1/4 on input line 357.
Package textcomp Info: Setting phv sub-encoding to TS1/4 on input line 358.
Package textcomp Info: Setting ppl sub-encoding to TS1/3 on input line 359.
Package textcomp Info: Setting pag sub-encoding to TS1/4 on input line 360.
Package textcomp Info: Setting pbk sub-encoding to TS1/4 on input line 361.
Package textcomp Info: Setting pnc sub-encoding to TS1/4 on input line 362.
Package textcomp Info: Setting pzc sub-encoding to TS1/4 on input line 363.
Package textcomp Info: Setting bch sub-encoding to TS1/4 on input line 364.
Package textcomp Info: Setting put sub-encoding to TS1/5 on input line 365.
Package textcomp Info: Setting uag sub-encoding to TS1/5 on input line 366.
Package textcomp Info: Setting ugq sub-encoding to TS1/5 on input line 367.
Package textcomp Info: Setting ul8 sub-encoding to TS1/4 on input line 368.
Package textcomp Info: Setting ul9 sub-encoding to TS1/4 on input line 369.
Package textcomp Info: Setting augie sub-encoding to TS1/5 on input line 370.
Package textcomp Info: Setting dayrom sub-encoding to TS1/3 on input line 371.
Package textcomp Info: Setting dayroms sub-encoding to TS1/3 on input line 372.

Package textcomp Info: Setting pxr sub-encoding to TS1/0 on input line 373.
Package textcomp Info: Setting pxss sub-encoding to TS1/0 on input line 374.
Package textcomp Info: Setting pxtt sub-encoding to TS1/0 on input line 375.
Package textcomp Info: Setting txr sub-encoding to TS1/0 on input line 376.
Package textcomp Info: Setting txss sub-encoding to TS1/0 on input line 377.
Package textcomp Info: Setting txtt sub-encoding to TS1/0 on input line 378.
Package textcomp Info: Setting lmr sub-encoding to TS1/0 on input line 379.
Package textcomp Info: Setting lmdh sub-encoding to TS1/0 on input line 380.
Package textcomp Info: Setting lmss sub-encoding to TS1/0 on input line 381.
Package textcomp Info: Setting lmssq sub-encoding to TS1/0 on input line 382.
Package textcomp Info: Setting lmvtt sub-encoding to TS1/0 on input line 383.
Package textcomp Info: Setting lmtt sub-encoding to TS1/0 on input line 384.
Package textcomp Info: Setting qhv sub-encoding to TS1/0 on input line 385.
Package textcomp Info: Setting qag sub-encoding to TS1/0 on input line 386.
Package textcomp Info: Setting qbk sub-encoding to TS1/0 on input line 387.
Package textcomp Info: Setting qcr sub-encoding to TS1/0 on input line 388.
Package textcomp Info: Setting qcs sub-encoding to TS1/0 on input line 389.
Package textcomp Info: Setting qpl sub-encoding to TS1/0 on input line 390.
Package textcomp Info: Setting qtm sub-encoding to TS1/0 on input line 391.
Package textcomp Info: Setting qzc sub-encoding to TS1/0 on input line 392.
Package textcomp Info: Setting qhvc sub-encoding to TS1/0 on input line 393.
Package textcomp Info: Setting futs sub-encoding to TS1/4 on input line 394.
Package textcomp Info: Setting futx sub-encoding to TS1/4 on input line 395.
Package textcomp Info: Setting futj sub-encoding to TS1/4 on input line 396.
Package textcomp Info: Setting hlh sub-encoding to TS1/3 on input line 397.
Package textcomp Info: Setting hls sub-encoding to TS1/3 on input line 398.
Package textcomp Info: Setting hlst sub-encoding to TS1/3 on input line 399.
Package textcomp Info: Setting hlct sub-encoding to TS1/5 on input line 400.
Package textcomp Info: Setting hlx sub-encoding to TS1/5 on input line 401.
Package textcomp Info: Setting hlce sub-encoding to TS1/5 on input line 402.
Package textcomp Info: Setting hlcn sub-encoding to TS1/5 on input line 403.
Package textcomp Info: Setting hlcw sub-encoding to TS1/5 on input line 404.
Package textcomp Info: Setting hlcf sub-encoding to TS1/5 on input line 405.
Package textcomp Info: Setting pplx sub-encoding to TS1/3 on input line 406.
Package textcomp Info: Setting pplj sub-encoding to TS1/3 on input line 407.
Package textcomp Info: Setting ptmx sub-encoding to TS1/4 on input line 408.
Package textcomp Info: Setting ptmj sub-encoding to TS1/4 on input line 409.
) (/Users/st06810/Library/TinyTeX/texmf-dist/tex/latex/base/fontenc.sty
Package: fontenc 2018/08/11 v2.0j Standard LaTeX package
) (/Users/st06810/Library/TinyTeX/texmf-dist/tex/latex/fontaxes/fontaxes.sty
Package: fontaxes 2014/03/23 v1.0d Font selection axes
LaTeX Info: Redefining \upshape on input line 29.
LaTeX Info: Redefining \itshape on input line 31.
LaTeX Info: Redefining \slshape on input line 33.
LaTeX Info: Redefining \scshape on input line 37.
)) (/Users/st06810/Library/TinyTeX/texmf-dist/tex/latex/graphics/color.sty
Package: color 2016/07/10 v1.1e Standard LaTeX Color (DPC)
(/Users/st06810/Library/TinyTeX/texmf-dist/tex/latex/graphics-cfg/color.cfg
File: color.cfg 2016/01/02 v1.6 sample color configuration
)
Package color Info: Driver file: pdftex.def on input line 147.
(/Users/st06810/Library/TinyTeX/texmf-dist/tex/latex/graphics-def/pdftex.def
File: pdftex.def 2018/01/08 v1.0l Graphics/color driver for pdftex
)) (/Users/st06810/Library/TinyTeX/texmf-dist/tex/latex/xcolor/xcolor.sty
Package: xcolor 2016/05/11 v2.12 LaTeX color extensions (UK)
(/Users/st06810/Library/TinyTeX/texmf-dist/tex/latex/graphics-cfg/color.cfg
File: color.cfg 2016/01/02 v1.6 sample color configuration
)
Package xcolor Info: Driver file: pdftex.def on input line 225.
LaTeX Info: Redefining \color on input line 709.
Package xcolor Info: Model `cmy' substituted by `cmy0' on input line 1348.
Package xcolor Info: Model `hsb' substituted by `rgb' on input line 1352.
Package xcolor Info: Model `RGB' extended on input line 1364.
Package xcolor Info: Model `HTML' substituted by `rgb' on input line 1366.
Package xcolor Info: Model `Hsb' substituted by `hsb' on input line 1367.
Package xcolor Info: Model `tHsb' substituted by `hsb' on input line 1368.
Package xcolor Info: Model `HSB' substituted by `hsb' on input line 1369.
Package xcolor Info: Model `Gray' substituted by `gray' on input line 1370.
Package xcolor Info: Model `wave' substituted by `hsb' on input line 1371.
) (/Users/st06810/Library/TinyTeX/texmf-dist/tex/latex/base/fixltx2e.sty
Package: fixltx2e 2016/12/29 v2.1a fixes to LaTeX (obsolete)
Applying: [2015/01/01] Old fixltx2e package on input line 46.

Package fixltx2e Warning: fixltx2e is not required with releases after 2015
(fixltx2e)                All fixes are now in the LaTeX kernel.
(fixltx2e)                See the latexrelease package for details.

Already applied: [0000/00/00] Old fixltx2e package on input line 53.
) (/Users/st06810/Library/TinyTeX/texmf-dist/tex/latex/base/fontenc.sty
Package: fontenc 2018/08/11 v2.0j Standard LaTeX package
(/Users/st06810/Library/TinyTeX/texmf-dist/tex/latex/base/t1enc.def
File: t1enc.def 2018/08/11 v2.0j Standard LaTeX file
LaTeX Font Info:    Redeclaring font encoding T1 on input line 48.
)) (/Users/st06810/Library/TinyTeX/texmf-dist/tex/latex/base/inputenc.sty
Package: inputenc 2018/08/11 v1.3c Input encoding file
\inpenc@prehook=\toks17
\inpenc@posthook=\toks18
) (/Users/st06810/Library/TinyTeX/texmf-dist/tex/latex/base/fontenc.sty
Package: fontenc 2018/08/11 v2.0j Standard LaTeX package
(/Users/st06810/Library/TinyTeX/texmf-dist/tex/latex/base/t1enc.def
File: t1enc.def 2018/08/11 v2.0j Standard LaTeX file
LaTeX Font Info:    Redeclaring font encoding T1 on input line 48.
)) (/Users/st06810/Library/TinyTeX/texmf-dist/tex/latex/upquote/upquote.sty
Package: upquote 2012/04/19 v1.3 upright-quote and grave-accent glyphs in verba
tim
) (/Users/st06810/Library/TinyTeX/texmf-dist/tex/latex/hyperref/hyperref.sty
Package: hyperref 2020/01/14 v7.00d Hypertext links for LaTeX
(/Users/st06810/Library/TinyTeX/texmf-dist/tex/generic/ltxcmds/ltxcmds.sty
Package: ltxcmds 2019/12/15 v1.24 LaTeX kernel commands for general use (HO)
) (/Users/st06810/Library/TinyTeX/texmf-dist/tex/latex/pdftexcmds/pdftexcmds.st
y
Package: pdftexcmds 2019/11/24 v0.31 Utility functions of pdfTeX for LuaTeX (HO
)
(/Users/st06810/Library/TinyTeX/texmf-dist/tex/generic/infwarerr/infwarerr.sty
Package: infwarerr 2019/12/03 v1.5 Providing info/warning/error messages (HO)
)
Package pdftexcmds Info: \pdf@primitive is available.
Package pdftexcmds Info: \pdf@ifprimitive is available.
Package pdftexcmds Info: \pdfdraftmode found.
) (/Users/st06810/Library/TinyTeX/texmf-dist/tex/generic/kvsetkeys/kvsetkeys.st
y
Package: kvsetkeys 2019/12/15 v1.18 Key value parser (HO)
)
(/Users/st06810/Library/TinyTeX/texmf-dist/tex/generic/kvdefinekeys/kvdefinekey
s.sty
Package: kvdefinekeys 2019-12-19 v1.6 Define keys (HO)
) (/Users/st06810/Library/TinyTeX/texmf-dist/tex/generic/pdfescape/pdfescape.st
y
Package: pdfescape 2019/12/09 v1.15 Implements pdfTeX's escape features (HO)
) (/Users/st06810/Library/TinyTeX/texmf-dist/tex/latex/hycolor/hycolor.sty
Package: hycolor 2020-01-27 v1.10 Color options for hyperref/bookmark (HO)
)
(/Users/st06810/Library/TinyTeX/texmf-dist/tex/latex/letltxmacro/letltxmacro.st
y
Package: letltxmacro 2019/12/03 v1.6 Let assignment for LaTeX macros (HO)
) (/Users/st06810/Library/TinyTeX/texmf-dist/tex/latex/auxhook/auxhook.sty
Package: auxhook 2019-12-17 v1.6 Hooks for auxiliary files (HO)
) (/Users/st06810/Library/TinyTeX/texmf-dist/tex/latex/kvoptions/kvoptions.sty
Package: kvoptions 2019/11/29 v3.13 Key value format for package options (HO)
)
\@linkdim=\dimen103
\Hy@linkcounter=\count89
\Hy@pagecounter=\count90
(/Users/st06810/Library/TinyTeX/texmf-dist/tex/latex/hyperref/pd1enc.def
File: pd1enc.def 2020/01/14 v7.00d Hyperref: PDFDocEncoding definition (HO)
Now handling font encoding PD1 ...
... no UTF-8 mapping file for font encoding PD1
) (/Users/st06810/Library/TinyTeX/texmf-dist/tex/generic/intcalc/intcalc.sty
Package: intcalc 2019/12/15 v1.3 Expandable calculations with integers (HO)
) (/Users/st06810/Library/TinyTeX/texmf-dist/tex/generic/etexcmds/etexcmds.sty
Package: etexcmds 2019/12/15 v1.7 Avoid name clashes with e-TeX commands (HO)
)
\Hy@SavedSpaceFactor=\count91
\pdfmajorversion=\count92
Package hyperref Info: Option `unicode' set `true' on input line 4421.
(/Users/st06810/Library/TinyTeX/texmf-dist/tex/latex/hyperref/puenc.def
File: puenc.def 2020/01/14 v7.00d Hyperref: PDF Unicode definition (HO)
Now handling font encoding PU ...
... no UTF-8 mapping file for font encoding PU
)
Package hyperref Info: Hyper figures OFF on input line 4547.
Package hyperref Info: Link nesting OFF on input line 4552.
Package hyperref Info: Hyper index ON on input line 4555.
Package hyperref Info: Plain pages OFF on input line 4562.
Package hyperref Info: Backreferencing OFF on input line 4567.
Package hyperref Info: Implicit mode ON; LaTeX internals redefined.
Package hyperref Info: Bookmarks ON on input line 4800.
\c@Hy@tempcnt=\count93
(/Users/st06810/Library/TinyTeX/texmf-dist/tex/latex/url/url.sty
\Urlmuskip=\muskip10
Package: url 2013/09/16  ver 3.4  Verb mode for urls, etc.
)
LaTeX Info: Redefining \url on input line 5159.
\XeTeXLinkMargin=\dimen104
(/Users/st06810/Library/TinyTeX/texmf-dist/tex/generic/bitset/bitset.sty
Package: bitset 2019/12/09 v1.3 Handle bit-vector datatype (HO)

(/Users/st06810/Library/TinyTeX/texmf-dist/tex/generic/bigintcalc/bigintcalc.st
y
Package: bigintcalc 2019/12/15 v1.5 Expandable calculations on big integers (HO
)
))
\Fld@menulength=\count94
\Field@Width=\dimen105
\Fld@charsize=\dimen106
Package hyperref Info: Hyper figures OFF on input line 6430.
Package hyperref Info: Link nesting OFF on input line 6435.
Package hyperref Info: Hyper index ON on input line 6438.
Package hyperref Info: backreferencing OFF on input line 6445.
Package hyperref Info: Link coloring OFF on input line 6450.
Package hyperref Info: Link coloring with OCG OFF on input line 6455.
Package hyperref Info: PDF/A mode OFF on input line 6460.
LaTeX Info: Redefining \ref on input line 6500.
LaTeX Info: Redefining \pageref on input line 6504.
(/Users/st06810/Library/TinyTeX/texmf-dist/tex/generic/atbegshi/atbegshi.sty
Package: atbegshi 2019/12/05 v1.19 At begin shipout hook (HO)
)
\Hy@abspage=\count95
\c@Item=\count96
\c@Hfootnote=\count97
)
Package hyperref Info: Driver (autodetected): hpdftex.
(/Users/st06810/Library/TinyTeX/texmf-dist/tex/latex/hyperref/hpdftex.def
File: hpdftex.def 2020/01/14 v7.00d Hyperref driver for pdfTeX
(/Users/st06810/Library/TinyTeX/texmf-dist/tex/latex/atveryend/atveryend.sty
Package: atveryend 2019-12-11 v1.11 Hooks at the very end of document (HO)
Package atveryend Info: \enddocument detected (standard20110627).
)
\Fld@listcount=\count98
\c@bookmark@seq@number=\count99

(/Users/st06810/Library/TinyTeX/texmf-dist/tex/latex/rerunfilecheck/rerunfilech
eck.sty
Package: rerunfilecheck 2019/12/05 v1.9 Rerun checks for auxiliary files (HO)

(/Users/st06810/Library/TinyTeX/texmf-dist/tex/generic/uniquecounter/uniquecoun
ter.sty
Package: uniquecounter 2019/12/15 v1.4 Provide unlimited unique counter (HO)
)
Package uniquecounter Info: New unique counter `rerunfilecheck' on input line 2
86.
)
\Hy@SectionHShift=\skip43
) (/Users/st06810/Library/TinyTeX/texmf-dist/tex/latex/geometry/geometry.sty
Package: geometry 2020/01/02 v5.9 Page Geometry
(/Users/st06810/Library/TinyTeX/texmf-dist/tex/generic/iftex/ifvtex.sty
Package: ifvtex 2019/10/25 v1.7 ifvtex legacy package. Use iftex instead.
)
\Gm@cnth=\count100
\Gm@cntv=\count101
\c@Gm@tempcnt=\count102
\Gm@bindingoffset=\dimen107
\Gm@wd@mp=\dimen108
\Gm@odd@mp=\dimen109
\Gm@even@mp=\dimen110
\Gm@layoutwidth=\dimen111
\Gm@layoutheight=\dimen112
\Gm@layouthoffset=\dimen113
\Gm@layoutvoffset=\dimen114
\Gm@dimlist=\toks19
) (/Users/st06810/Library/TinyTeX/texmf-dist/tex/latex/tools/longtable.sty
Package: longtable 2019/02/06 v4.12 Multi-page Table package (DPC)
\LTleft=\skip44
\LTright=\skip45
\LTpre=\skip46
\LTpost=\skip47
\LTchunksize=\count103
\LTcapwidth=\dimen115
\LT@head=\box27
\LT@firsthead=\box28
\LT@foot=\box29
\LT@lastfoot=\box30
\LT@cols=\count104
\LT@rows=\count105
\c@LT@tables=\count106
\c@LT@chunks=\count107
\LT@p@ftn=\toks20
) (/Users/st06810/Library/TinyTeX/texmf-dist/tex/latex/booktabs/booktabs.sty
Package: booktabs 2020/01/12 v1.61803398 Publication quality tables
\heavyrulewidth=\dimen116
\lightrulewidth=\dimen117
\cmidrulewidth=\dimen118
\belowrulesep=\dimen119
\belowbottomsep=\dimen120
\aboverulesep=\dimen121
\abovetopsep=\dimen122
\cmidrulesep=\dimen123
\cmidrulekern=\dimen124
\defaultaddspace=\dimen125
\@cmidla=\count108
\@cmidlb=\count109
\@aboverulesep=\dimen126
\@belowrulesep=\dimen127
\@thisruleclass=\count110
\@lastruleclass=\count111
\@thisrulewidth=\dimen128
) (/Users/st06810/Library/TinyTeX/texmf-dist/tex/latex/biblatex/biblatex.sty
Package: biblatex 2019/12/01 v3.14 programmable bibliographies (PK/MW)
(/Users/st06810/Library/TinyTeX/texmf-dist/tex/latex/etoolbox/etoolbox.sty
Package: etoolbox 2019/09/21 v2.5h e-TeX tools for LaTeX (JAW)
\etb@tempcnta=\count112
) (/Users/st06810/Library/TinyTeX/texmf-dist/tex/latex/logreq/logreq.sty
Package: logreq 2010/08/04 v1.0 xml request logger
\lrq@indent=\count113
(/Users/st06810/Library/TinyTeX/texmf-dist/tex/latex/logreq/logreq.def
File: logreq.def 2010/08/04 v1.0 logreq spec v1.0
)) (/Users/st06810/Library/TinyTeX/texmf-dist/tex/latex/base/ifthen.sty
Package: ifthen 2014/09/29 v1.1c Standard LaTeX ifthen package (DPC)
)
\c@tabx@nest=\count114
\c@listtotal=\count115
\c@listcount=\count116
\c@liststart=\count117
\c@liststop=\count118
\c@citecount=\count119
\c@citetotal=\count120
\c@multicitecount=\count121
\c@multicitetotal=\count122
\c@instcount=\count123
\c@maxnames=\count124
\c@minnames=\count125
\c@maxitems=\count126
\c@minitems=\count127
\c@citecounter=\count128
\c@maxcitecounter=\count129
\c@savedcitecounter=\count130
\c@uniquelist=\count131
\c@uniquename=\count132
\c@refsection=\count133
\c@refsegment=\count134
\c@maxextratitle=\count135
\c@maxextratitleyear=\count136
\c@maxextraname=\count137
\c@maxextradate=\count138
\c@maxextraalpha=\count139
\c@abbrvpenalty=\count140
\c@highnamepenalty=\count141
\c@lownamepenalty=\count142
\c@maxparens=\count143
\c@parenlevel=\count144
\blx@tempcnta=\count145
\blx@tempcntb=\count146
\blx@tempcntc=\count147
\blx@maxsection=\count148
\blx@maxsegment@0=\count149
\blx@notetype=\count150
\blx@parenlevel@text=\count151
\blx@parenlevel@foot=\count152
\blx@sectionciteorder@0=\count153
\blx@entrysetcounter=\count154
\labelnumberwidth=\skip48
\labelalphawidth=\skip49
\biblabelsep=\skip50
\bibitemsep=\skip51
\bibnamesep=\skip52
\bibinitsep=\skip53
\bibparsep=\skip54
\bibhang=\skip55
\blx@bcfin=\read1
\blx@bcfout=\write3
\blx@langwohyphens=\language5
\c@mincomprange=\count155
\c@maxcomprange=\count156
\c@mincompwidth=\count157
Package biblatex Info: Trying to load biblatex default data model...
Package biblatex Info: ... file 'blx-dm.def' found.
(/Users/st06810/Library/TinyTeX/texmf-dist/tex/latex/biblatex/blx-dm.def
File: blx-dm.def 2019/12/01 v3.14 biblatex localization (PK/MW)
)
Package biblatex Info: Trying to load biblatex citestyle data model...
Package biblatex Info: ... file 'authoryear.dbx' not found.
Package biblatex Info: Trying to load biblatex bibstyle data model...
Package biblatex Info: ... file 'authoryear-comp.dbx' not found.
Package biblatex Info: Trying to load biblatex custom data model...
Package biblatex Info: ... file 'biblatex-dm.cfg' not found.
\c@afterword=\count158
\c@savedafterword=\count159
\c@annotator=\count160
\c@savedannotator=\count161
\c@author=\count162
\c@savedauthor=\count163
\c@bookauthor=\count164
\c@savedbookauthor=\count165
\c@commentator=\count166
\c@savedcommentator=\count167
\c@editor=\count168
\c@savededitor=\count169
\c@editora=\count170
\c@savededitora=\count171
\c@editorb=\count172
\c@savededitorb=\count173
\c@editorc=\count174
\c@savededitorc=\count175
\c@foreword=\count176
\c@savedforeword=\count177
\c@holder=\count178
\c@savedholder=\count179
\c@introduction=\count180
\c@savedintroduction=\count181
\c@namea=\count182
\c@savednamea=\count183
\c@nameb=\count184
\c@savednameb=\count185
\c@namec=\count186
\c@savednamec=\count187
\c@translator=\count188
\c@savedtranslator=\count189
\c@shortauthor=\count190
\c@savedshortauthor=\count191
\c@shorteditor=\count192
\c@savedshorteditor=\count193
\c@labelname=\count194
\c@savedlabelname=\count195
\c@institution=\count196
\c@savedinstitution=\count197
\c@lista=\count198
\c@savedlista=\count199
\c@listb=\count266
\c@savedlistb=\count267
\c@listc=\count268
\c@savedlistc=\count269
\c@listd=\count270
\c@savedlistd=\count271
\c@liste=\count272
\c@savedliste=\count273
\c@listf=\count274
\c@savedlistf=\count275
\c@location=\count276
\c@savedlocation=\count277
\c@organization=\count278
\c@savedorganization=\count279
\c@origlocation=\count280
\c@savedoriglocation=\count281
\c@origpublisher=\count282
\c@savedorigpublisher=\count283
\c@publisher=\count284
\c@savedpublisher=\count285
\c@language=\count286
\c@savedlanguage=\count287
\c@origlanguage=\count288
\c@savedoriglanguage=\count289
\c@pageref=\count290
\c@savedpageref=\count291
\shorthandwidth=\skip56
\shortjournalwidth=\skip57
\shortserieswidth=\skip58
\shorttitlewidth=\skip59
\shortauthorwidth=\skip60
\shorteditorwidth=\skip61
\locallabelnumberwidth=\skip62
\locallabelalphawidth=\skip63
\localshorthandwidth=\skip64
\localshortjournalwidth=\skip65
\localshortserieswidth=\skip66
\localshorttitlewidth=\skip67
\localshortauthorwidth=\skip68
\localshorteditorwidth=\skip69
Package biblatex Info: Trying to load compatibility code...
Package biblatex Info: ... file 'blx-compat.def' found.
(/Users/st06810/Library/TinyTeX/texmf-dist/tex/latex/biblatex/blx-compat.def
File: blx-compat.def 2019/12/01 v3.14 biblatex compatibility (PK/MW)
)
Package biblatex Info: Trying to load generic definitions...
Package biblatex Info: ... file 'biblatex.def' found.
(/Users/st06810/Library/TinyTeX/texmf-dist/tex/latex/biblatex/biblatex.def
File: biblatex.def 2019/12/01 v3.14 biblatex compatibility (PK/MW)
\c@textcitecount=\count292
\c@textcitetotal=\count293
\c@textcitemaxnames=\count294
\c@biburlbigbreakpenalty=\count295
\c@biburlbreakpenalty=\count296
\c@biburlnumpenalty=\count297
\c@biburlucpenalty=\count298
\c@biburllcpenalty=\count299
\biburlbigskip=\muskip11
\biburlnumskip=\muskip12
\biburlucskip=\muskip13
\biburllcskip=\muskip14
\c@smartand=\count300
)
Package biblatex Info: Trying to load natbib compatibility...
Package biblatex Info: ... file 'blx-natbib.def' found.
(/Users/st06810/Library/TinyTeX/texmf-dist/tex/latex/biblatex/blx-natbib.def
File: blx-natbib.def 2019/12/01 v3.14 biblatex compatibility (PK/MW)
Package biblatex Info: Delimiter 'nameyeardelim' in context '' already defined,
 overwriting.
)
Package biblatex Info: Trying to load bibliography style 'authoryear-comp'...
Package biblatex Info: ... file 'authoryear-comp.bbx' found.

(/Users/st06810/Library/TinyTeX/texmf-dist/tex/latex/biblatex/bbx/authoryear-co
mp.bbx
File: authoryear-comp.bbx 2019/12/01 v3.14 biblatex bibliography style (PK/MW)
Package biblatex Info: Trying to load bibliography style 'authoryear'...
Package biblatex Info: ... file 'authoryear.bbx' found.

(/Users/st06810/Library/TinyTeX/texmf-dist/tex/latex/biblatex/bbx/authoryear.bb
x
File: authoryear.bbx 2019/12/01 v3.14 biblatex bibliography style (PK/MW)
Package biblatex Info: Trying to load bibliography style 'standard'...
Package biblatex Info: ... file 'standard.bbx' found.
(/Users/st06810/Library/TinyTeX/texmf-dist/tex/latex/biblatex/bbx/standard.bbx
File: standard.bbx 2019/12/01 v3.14 biblatex bibliography style (PK/MW)
\c@bbx:relatedcount=\count301
\c@bbx:relatedtotal=\count302
)))
Package biblatex Info: Trying to load citation style 'authoryear'...
Package biblatex Info: ... file 'authoryear.cbx' found.

(/Users/st06810/Library/TinyTeX/texmf-dist/tex/latex/biblatex/cbx/authoryear.cb
x
File: authoryear.cbx 2019/12/01 v3.14 biblatex citation style (PK/MW)
Package biblatex Info: Redefining '\cite'.
Package biblatex Info: Redefining '\parencite'.
Package biblatex Info: Redefining '\footcite'.
Package biblatex Info: Redefining '\footcitetext'.
Package biblatex Info: Redefining '\smartcite'.
Package biblatex Info: Redefining '\textcite'.
Package biblatex Info: Redefining '\textcites'.
)
Package biblatex Info: Trying to load configuration file...
Package biblatex Info: ... file 'biblatex.cfg' found.
(/Users/st06810/Library/TinyTeX/texmf-dist/tex/latex/biblatex/biblatex.cfg
File: biblatex.cfg 
)) (/Users/st06810/Library/TinyTeX/texmf-dist/tex/latex/xpatch/xpatch.sty (/Use
rs/st06810/Library/TinyTeX/texmf-dist/tex/latex/l3kernel/expl3.sty
Package: expl3 2020-01-31 L3 programming layer (loader) 
(/Users/st06810/Library/TinyTeX/texmf-dist/tex/latex/l3kernel/expl3-code.tex
Package: expl3 2020-01-31 L3 programming layer (code)
\c_max_int=\count303
\l_tmpa_int=\count304
\l_tmpb_int=\count305
\g_tmpa_int=\count306
\g_tmpb_int=\count307
\l__seq_internal_a_int=\count308
\l__seq_internal_b_int=\count309
\g__kernel_prg_map_int=\count310
\c__ior_term_noprompt_ior=\count311
\c_log_iow=\count312
\l_iow_line_count_int=\count313
\l__iow_line_target_int=\count314
\l__iow_one_indent_int=\count315
\l__iow_indent_int=\count316
\c_zero_dim=\dimen129
\c_max_dim=\dimen130
\l_tmpa_dim=\dimen131
\l_tmpb_dim=\dimen132
\g_tmpa_dim=\dimen133
\g_tmpb_dim=\dimen134
\c_zero_skip=\skip70
\c_max_skip=\skip71
\l_tmpa_skip=\skip72
\l_tmpb_skip=\skip73
\g_tmpa_skip=\skip74
\g_tmpb_skip=\skip75
\c_zero_muskip=\muskip15
\c_max_muskip=\muskip16
\l_tmpa_muskip=\muskip17
\l_tmpb_muskip=\muskip18
\g_tmpa_muskip=\muskip19
\g_tmpb_muskip=\muskip20
\l_keys_choice_int=\count317
\l__intarray_loop_int=\count318
\c__intarray_sp_dim=\dimen135
\g__intarray_font_int=\count319
\c__fp_leading_shift_int=\count320
\c__fp_middle_shift_int=\count321
\c__fp_trailing_shift_int=\count322
\c__fp_big_leading_shift_int=\count323
\c__fp_big_middle_shift_int=\count324
\c__fp_big_trailing_shift_int=\count325
\c__fp_Bigg_leading_shift_int=\count326
\c__fp_Bigg_middle_shift_int=\count327
\c__fp_Bigg_trailing_shift_int=\count328
\c__kernel_randint_max_int=\count329
\g__fp_array_int=\count330
\l__fp_array_loop_int=\count331
\l__sort_length_int=\count332
\l__sort_min_int=\count333
\l__sort_top_int=\count334
\l__sort_max_int=\count335
\l__sort_true_max_int=\count336
\l__sort_block_int=\count337
\l__sort_begin_int=\count338
\l__sort_end_int=\count339
\l__sort_A_int=\count340
\l__sort_B_int=\count341
\l__sort_C_int=\count342
\l__str_internal_int=\count343
\c__str_replacement_char_int=\count344
\l__tl_analysis_normal_int=\count345
\l__tl_analysis_index_int=\count346
\l__tl_analysis_nesting_int=\count347
\l__tl_analysis_type_int=\count348
\l__regex_internal_a_int=\count349
\l__regex_internal_b_int=\count350
\l__regex_internal_c_int=\count351
\l__regex_balance_int=\count352
\l__regex_group_level_int=\count353
\l__regex_mode_int=\count354
\c__regex_cs_in_class_mode_int=\count355
\c__regex_cs_mode_int=\count356
\l__regex_catcodes_int=\count357
\l__regex_default_catcodes_int=\count358
\c__regex_catcode_D_int=\count359
\c__regex_catcode_S_int=\count360
\c__regex_catcode_L_int=\count361
\c__regex_catcode_O_int=\count362
\c__regex_catcode_A_int=\count363
\c__regex_all_catcodes_int=\count364
\l__regex_show_lines_int=\count365
\l__regex_min_state_int=\count366
\l__regex_max_state_int=\count367
\l__regex_left_state_int=\count368
\l__regex_right_state_int=\count369
\l__regex_capturing_group_int=\count370
\l__regex_min_pos_int=\count371
\l__regex_max_pos_int=\count372
\l__regex_curr_pos_int=\count373
\l__regex_start_pos_int=\count374
\l__regex_success_pos_int=\count375
\l__regex_curr_char_int=\count376
\l__regex_curr_catcode_int=\count377
\l__regex_last_char_int=\count378
\l__regex_case_changed_char_int=\count379
\l__regex_curr_state_int=\count380
\l__regex_step_int=\count381
\l__regex_min_active_int=\count382
\l__regex_max_active_int=\count383
\l__regex_replacement_csnames_int=\count384
\l__regex_match_count_int=\count385
\l__regex_min_submatch_int=\count386
\l__regex_submatch_int=\count387
\l__regex_zeroth_submatch_int=\count388
\g__regex_trace_regex_int=\count389
\c_empty_box=\box31
\l_tmpa_box=\box32
\l_tmpb_box=\box33
\g_tmpa_box=\box34
\g_tmpb_box=\box35
\l__box_top_dim=\dimen136
\l__box_bottom_dim=\dimen137
\l__box_left_dim=\dimen138
\l__box_right_dim=\dimen139
\l__box_top_new_dim=\dimen140
\l__box_bottom_new_dim=\dimen141
\l__box_left_new_dim=\dimen142
\l__box_right_new_dim=\dimen143
\l__box_internal_box=\box36
\l__coffin_internal_box=\box37
\l__coffin_internal_dim=\dimen144
\l__coffin_offset_x_dim=\dimen145
\l__coffin_offset_y_dim=\dimen146
\l__coffin_x_dim=\dimen147
\l__coffin_y_dim=\dimen148
\l__coffin_x_prime_dim=\dimen149
\l__coffin_y_prime_dim=\dimen150
\c_empty_coffin=\box38
\l__coffin_aligned_coffin=\box39
\l__coffin_aligned_internal_coffin=\box40
\l_tmpa_coffin=\box41
\l_tmpb_coffin=\box42
\g_tmpa_coffin=\box43
\g_tmpb_coffin=\box44
\l__coffin_bounding_shift_dim=\dimen151
\l__coffin_left_corner_dim=\dimen152
\l__coffin_right_corner_dim=\dimen153
\l__coffin_bottom_corner_dim=\dimen154
\l__coffin_top_corner_dim=\dimen155
\l__coffin_scaled_total_height_dim=\dimen156
\l__coffin_scaled_width_dim=\dimen157
\c__coffin_empty_coffin=\box45
\l__coffin_display_coffin=\box46
\l__coffin_display_coord_coffin=\box47
\l__coffin_display_pole_coffin=\box48
\l__coffin_display_offset_dim=\dimen158
\l__coffin_display_x_dim=\dimen159
\l__coffin_display_y_dim=\dimen160
\g__char_data_ior=\read2

(/Users/st06810/Library/TinyTeX/texmf-dist/tex/latex/l3kernel/l3deprecation.def
File: l3deprecation.def 2019-04-06 v L3 Deprecated functions
))
(/Users/st06810/Library/TinyTeX/texmf-dist/tex/latex/l3backend/l3backend-pdfmod
e.def
File: l3backend-pdfmode.def 2019-04-06 L3 backend support: PDF mode
\l__kernel_color_stack_int=\count390
\l__pdf_internal_box=\box49
))
Package: xpatch 2012/10/02 v0.3 Extending etoolbox patching commands

(/Users/st06810/Library/TinyTeX/texmf-dist/tex/latex/l3packages/xparse/xparse.s
ty
Package: xparse 2020-01-12 L3 Experimental document command parser
\l__xparse_current_arg_int=\count391
\g__xparse_grabber_int=\count392
\l__xparse_m_args_int=\count393
\l__xparse_v_nesting_int=\count394
))
\c@papers=\count395
(/Users/st06810/Library/TinyTeX/texmf-dist/tex/latex/paralist/paralist.sty
Package: paralist 2017/01/22 v2.7 Extended list environments
\pltopsep=\skip76
\plpartopsep=\skip77
\plitemsep=\skip78
\plparsep=\skip79
\pl@lab=\toks21
) (/Users/st06810/Library/TinyTeX/texmf-dist/tex/latex/ragged2e/ragged2e.sty
Package: ragged2e 2019/07/28 v2.2 ragged2e Package (MS)
(/Users/st06810/Library/TinyTeX/texmf-dist/tex/latex/ms/everysel.sty
Package: everysel 2011/10/28 v1.2 EverySelectfont Package (MS)
)
\CenteringLeftskip=\skip80
\RaggedLeftLeftskip=\skip81
\RaggedRightLeftskip=\skip82
\CenteringRightskip=\skip83
\RaggedLeftRightskip=\skip84
\RaggedRightRightskip=\skip85
\CenteringParfillskip=\skip86
\RaggedLeftParfillskip=\skip87
\RaggedRightParfillskip=\skip88
\JustifyingParfillskip=\skip89
\CenteringParindent=\skip90
\RaggedLeftParindent=\skip91
\RaggedRightParindent=\skip92
\JustifyingParindent=\skip93
) (/Users/st06810/Library/TinyTeX/texmf-dist/tex/latex/datetime/datetime.sty
Package: datetime 2015/03/20 v2.60 Date Time Package
(/Users/st06810/Library/TinyTeX/texmf-dist/tex/latex/fmtcount/fmtcount.sty
Package: fmtcount 2020/01/30 v3.06
(/Users/st06810/Library/TinyTeX/texmf-dist/tex/latex/fmtcount/fcprefix.sty
Package: fcprefix 2012/09/28
(/Users/st06810/Library/TinyTeX/texmf-dist/tex/latex/fmtcount/fcnumparser.sty
Package: fcnumparser 2017/06/15
\fc@digit@counter=\count396
)) (/Users/st06810/Library/TinyTeX/texmf-dist/tex/latex/amsmath/amsgen.sty
File: amsgen.sty 1999/11/30 v2.0 generic functions
\@emptytoks=\toks22
\ex@=\dimen161
)
\c@padzeroesN=\count397
\fc@tmpcatcode=\count398
\@DT@modctr=\count399
\@ordinalctr=\count400
\@orgargctr=\count401
\@strctr=\count402
\@tmpstrctr=\count403
\@DT@loopN=\count404
\@DT@X=\count405
)
(/Users/st06810/Library/TinyTeX/texmf-dist/tex/latex/datetime/datetime-defaults
.sty
Package: datetime-defaults 2013/09/10
)
\@day=\count406
\@month=\count407
\@year=\count408
\c@HOUR=\count409
\c@HOURXII=\count410
\c@MINUTE=\count411
\c@TOHOUR=\count412
\c@TOMINUTE=\count413
\c@SECOND=\count414
\currenthour=\count415
\currentminute=\count416
\currentsecond=\count417
Package datetime Info: No datetime.cfg file found, using default settings on in
put line 308.
\@dtctr=\count418
\dayofyear=\count419
\dayofweek=\count420
LaTeX Info: Redefining \today on input line 736.
\dt@a=\toks23
\dt@b=\toks24
) (/Users/st06810/Library/TinyTeX/texmf-dist/tex/latex/fancyhdr/fancyhdr.sty
Package: fancyhdr 2019/01/31 v3.10 Extensive control of page headers and footer
s
\f@nch@headwidth=\skip94
\f@nch@O@elh=\skip95
\f@nch@O@erh=\skip96
\f@nch@O@olh=\skip97
\f@nch@O@orh=\skip98
\f@nch@O@elf=\skip99
\f@nch@O@erf=\skip100
\f@nch@O@olf=\skip101
\f@nch@O@orf=\skip102
) (/Users/st06810/Library/TinyTeX/texmf-dist/tex/latex/enumitem/enumitem.sty
Package: enumitem 2019/06/20 v3.9 Customized lists
\labelindent=\skip103
\enit@outerparindent=\dimen162
\enit@toks=\toks25
\enit@inbox=\box50
\enit@count@id=\count421
\enitdp@description=\count422
) (/Users/st06810/Library/TinyTeX/texmf-dist/tex/latex/psnfss/pifont.sty
Package: pifont 2005/04/12 PSNFSS-v9.2a Pi font support (SPQR) 
LaTeX Font Info:    Trying to load font information for U+pzd on input line 63.

(/Users/st06810/Library/TinyTeX/texmf-dist/tex/latex/psnfss/upzd.fd
File: upzd.fd 2001/06/04 font definitions for U/pzd.
)
LaTeX Font Info:    Trying to load font information for U+psy on input line 64.

(/Users/st06810/Library/TinyTeX/texmf-dist/tex/latex/psnfss/upsy.fd
File: upsy.fd 2001/06/04 font definitions for U/psy.
)) (/Users/st06810/Library/TinyTeX/texmf-dist/tex/latex/titlesec/titlesec.sty
Package: titlesec 2019/10/16 v2.13 Sectioning titles
\ttl@box=\box51
\beforetitleunit=\skip104
\aftertitleunit=\skip105
\ttl@plus=\dimen163
\ttl@minus=\dimen164
\ttl@toksa=\toks26
\titlewidth=\dimen165
\titlewidthlast=\dimen166
\titlewidthfirst=\dimen167
) (/Users/st06810/Library/TinyTeX/texmf-dist/tex/latex/tools/tabularx.sty
Package: tabularx 2016/02/03 v2.11b `tabularx' package (DPC)
(/Users/st06810/Library/TinyTeX/texmf-dist/tex/latex/tools/array.sty
Package: array 2019/08/31 v2.4l Tabular extension package (FMi)
\col@sep=\dimen168
\ar@mcellbox=\box52
\extrarowheight=\dimen169
\NC@list=\toks27
\extratabsurround=\skip106
\backup@length=\skip107
\ar@cellbox=\box53
)
\TX@col@width=\dimen170
\TX@old@table=\dimen171
\TX@old@col=\dimen172
\TX@target=\dimen173
\TX@delta=\dimen174
\TX@cols=\count423
\TX@ftn=\toks28
) (/Users/st06810/Library/TinyTeX/texmf-dist/tex/latex/tools/calc.sty
Package: calc 2017/05/25 v4.3 Infix arithmetic (KKT,FJ)
\calc@Acount=\count424
\calc@Bcount=\count425
\calc@Adimen=\dimen175
\calc@Bdimen=\dimen176
\calc@Askip=\skip108
\calc@Bskip=\skip109
LaTeX Info: Redefining \setlength on input line 80.
LaTeX Info: Redefining \addtolength on input line 81.
\calc@Ccount=\count426
\calc@Cskip=\skip110
)
\headerboxwidth=\skip111

(/Users/st06810/Library/TinyTeX/texmf-dist/tex/latex/fontawesome/fontawesome.st
y
Package: fontawesome 2016/05/15 v4.6.3.1 font awesome icons

(/Users/st06810/Library/TinyTeX/texmf-dist/tex/latex/fontawesome/fontawesomesym
bols-generic.tex)
(/Users/st06810/Library/TinyTeX/texmf-dist/tex/latex/fontawesome/fontawesomesym
bols-pdftex.tex)) (/Users/st06810/Library/TinyTeX/texmf-dist/tex/latex/setspace
/setspace.sty
Package: setspace 2011/12/19 v6.7a set line spacing
)
\@quotelevel=\count427
\@quotereset=\count428
(./Tormod_CV.aux)
\openout1 = `Tormod_CV.aux'.

LaTeX Font Info:    Checking defaults for OML/cmm/m/it on input line 251.
LaTeX Font Info:    ... okay on input line 251.
LaTeX Font Info:    Checking defaults for T1/cmr/m/n on input line 251.
LaTeX Font Info:    ... okay on input line 251.
LaTeX Font Info:    Checking defaults for OT1/cmr/m/n on input line 251.
LaTeX Font Info:    ... okay on input line 251.
LaTeX Font Info:    Checking defaults for OMS/cmsy/m/n on input line 251.
LaTeX Font Info:    ... okay on input line 251.
LaTeX Font Info:    Checking defaults for OMX/cmex/m/n on input line 251.
LaTeX Font Info:    ... okay on input line 251.
LaTeX Font Info:    Checking defaults for U/cmr/m/n on input line 251.
LaTeX Font Info:    ... okay on input line 251.
LaTeX Font Info:    Checking defaults for TS1/cmr/m/n on input line 251.
LaTeX Font Info:    Trying to load font information for TS1+cmr on input line 2
51.
(/Users/st06810/Library/TinyTeX/texmf-dist/tex/latex/base/ts1cmr.fd
File: ts1cmr.fd 2014/09/29 v2.5h Standard LaTeX font definitions
)
LaTeX Font Info:    ... okay on input line 251.
LaTeX Font Info:    Checking defaults for PD1/pdf/m/n on input line 251.
LaTeX Font Info:    ... okay on input line 251.
LaTeX Font Info:    Checking defaults for PU/pdf/m/n on input line 251.
LaTeX Font Info:    ... okay on input line 251.
LaTeX Font Info:    Trying to load font information for T1+Carlito-TLF on input
 line 251.
(/Users/st06810/Library/TinyTeX/texmf-dist/tex/latex/carlito/T1Carlito-TLF.fd
File: T1Carlito-TLF.fd 2014/08/20 (autoinst) Font definitions for T1/Carlito-TL
F.
)
LaTeX Font Info:    Font shape `T1/Carlito-TLF/m/n' will be
(Font)              scaled to size 10.95pt on input line 251.
\c@mv@tabular=\count429
\c@mv@boldtabular=\count430
\AtBeginShipoutBox=\box54
Package hyperref Info: Link coloring OFF on input line 251.
(/Users/st06810/Library/TinyTeX/texmf-dist/tex/latex/hyperref/nameref.sty
Package: nameref 2019/09/16 v2.46 Cross-referencing by name of section
(/Users/st06810/Library/TinyTeX/texmf-dist/tex/latex/refcount/refcount.sty
Package: refcount 2019/12/15 v3.6 Data extraction from label references (HO)
)
(/Users/st06810/Library/TinyTeX/texmf-dist/tex/generic/gettitlestring/gettitles
tring.sty
Package: gettitlestring 2019/12/15 v1.6 Cleanup title references (HO)
)
\c@section@level=\count431
)
LaTeX Info: Redefining \ref on input line 251.
LaTeX Info: Redefining \pageref on input line 251.
LaTeX Info: Redefining \nameref on input line 251.
(./Tormod_CV.out) (./Tormod_CV.out)
\@outlinefile=\write4
\openout4 = `Tormod_CV.out'.

*geometry* driver: auto-detecting
*geometry* detected driver: pdftex
*geometry* verbose mode - [ preamble ] result:
* driver: pdftex
* paper: a4paper
* layout: <same size as paper>
* layoutoffset:(h,v)=(0.0pt,0.0pt)
* modes: 
* h-part:(L,W,R)=(56.9055pt, 483.69687pt, 56.9055pt)
* v-part:(T,H,B)=(56.9055pt, 731.23584pt, 56.9055pt)
* \paperwidth=597.50787pt
* \paperheight=845.04684pt
* \textwidth=483.69687pt
* \textheight=731.23584pt
* \oddsidemargin=-15.36449pt
* \evensidemargin=-15.36449pt
* \topmargin=-52.36449pt
* \headheight=15.0pt
* \headsep=25.0pt
* \topskip=11.0pt
* \footskip=30.0pt
* \marginparwidth=50.0pt
* \marginparsep=10.0pt
* \columnsep=10.0pt
* \skip\footins=10.0pt plus 4.0pt minus 2.0pt
* \hoffset=0.0pt
* \voffset=0.0pt
* \mag=1000
* \@twocolumnfalse
* \@twosidefalse
* \@mparswitchfalse
* \@reversemarginfalse
* (1in=72.27pt=25.4mm, 1cm=28.453pt)

Package biblatex Info: Trying to load language 'english'...
Package biblatex Info: ... file 'english.lbx' found.
(/Users/st06810/Library/TinyTeX/texmf-dist/tex/latex/biblatex/lbx/english.lbx
File: english.lbx 2019/12/01 v3.14 biblatex localization (PK/MW)
)
Package biblatex Info: Input encoding 'utf8' detected.
Package biblatex Info: Data encoding 'utf8' specified.
(biblatex)             No need to reencode data.
\openout3 = `Tormod_CV.bcf'.

Package biblatex Info: Trying to load bibliographic data...
Package biblatex Info: ... file 'Tormod_CV.bbl' found.
(./Tormod_CV.bbl

Package biblatex Warning: Biber reported the following issues
(biblatex)                with 'tormodboesocioeconomicstatus2013':
(biblatex)                - Entry 'tormodboesocioeconomicstatus2013' (/Users/st
06810/Dropbox/AkademiskCV/tpubs_zot2.bib): Invalid format '2013' of date field 
'date' - ignoring.

LaTeX Font Info:    Font shape `T1/Carlito-TLF/m/n' will be
(Font)              scaled to size 10.0pt on input line 54.

Package biblatex Warning: Biber reported the following issues
(biblatex)                with 'Arntzen29recommendationscombat2019':
(biblatex)                - Entry 'Arntzen29recommendationscombat2019' (/Users/
st06810/Dropbox/AkademiskCV/tpubs_zot2.bib): Invalid format '2019' of date fiel
d 'date' - ignoring.


Package biblatex Warning: Biber reported the following issues
(biblatex)                with 'BoeInterplaySubjectiveObjective2019a':
(biblatex)                - Entry 'BoeInterplaySubjectiveObjective2019a' (/User
s/st06810/Dropbox/AkademiskCV/tpubs_zot2.bib): Invalid format '2019' of date fi
eld 'date' - ignoring.


Package biblatex Warning: Biber reported the following issues
(biblatex)                with 'nilsen2019complex':
(biblatex)                - Entry 'nilsen2019complex' (/Users/st06810/Dropbox/A
kademiskCV/tpubs_zot2.bib): Invalid format '2019' of date field 'date' - ignori
ng.


Package biblatex Warning: Biber reported the following issues
(biblatex)                with 'skogeneconomiccircumstances2019':
(biblatex)                - Entry 'skogeneconomiccircumstances2019' (/Users/st0
6810/Dropbox/AkademiskCV/tpubs_zot2.bib): Invalid format '2019' of date field '
date' - ignoring.


Package biblatex Warning: Biber reported the following issues
(biblatex)                with 'SkogenSociodemographiccharacteristicsassociated
2019':
(biblatex)                - Entry 'SkogenSociodemographiccharacteristicsassocia
ted2019' (/Users/st06810/Dropbox/AkademiskCV/tpubs_zot2.bib): Invalid format '2
019' of date field 'date' - ignoring.


Package biblatex Warning: Biber reported the following issues
(biblatex)                with 'BoeSubjectiveEconomicStatus2018':
(biblatex)                - Entry 'BoeSubjectiveEconomicStatus2018' (/Users/st0
6810/Dropbox/AkademiskCV/tpubs_zot2.bib): Invalid format '2018' of date field '
date' - ignoring.


Package biblatex Warning: Biber reported the following issues
(biblatex)                with 'HeradstveitProspectiveassociationschildhood2018
':
(biblatex)                - Entry 'HeradstveitProspectiveassociationschildhood2
018' (/Users/st06810/Dropbox/AkademiskCV/tpubs_zot2.bib): Invalid format '2018'
 of date field 'date' - ignoring.


Package biblatex Warning: Biber reported the following issues
(biblatex)                with 'HetlevikGPdiagnosedinternalizingexternalizing20
18':
(biblatex)                - Entry 'HetlevikGPdiagnosedinternalizingexternalizin
g2018' (/Users/st06810/Dropbox/AkademiskCV/tpubs_zot2.bib): Invalid format '201
8' of date field 'date' - ignoring.


Package biblatex Warning: Biber reported the following issues
(biblatex)                with 'MyrtveitSaetherHealthcomplaintslate2018':
(biblatex)                - Entry 'MyrtveitSaetherHealthcomplaintslate2018' (/U
sers/st06810/Dropbox/AkademiskCV/tpubs_zot2.bib): Invalid format '2018' of date
 field 'date' - ignoring.


Package biblatex Warning: Biber reported the following issues
(biblatex)                with 'NilsenDivorceFamilyStructure2018':
(biblatex)                - Entry 'NilsenDivorceFamilyStructure2018' (/Users/st
06810/Dropbox/AkademiskCV/tpubs_zot2.bib): Invalid format '2018' of date field 
'date' - ignoring.


Package biblatex Warning: Biber reported the following issues
(biblatex)                with 'SandtorvSymptomsAssociatedAttention2018':
(biblatex)                - Entry 'SandtorvSymptomsAssociatedAttention2018' (/U
sers/st06810/Dropbox/AkademiskCV/tpubs_zot2.bib): Invalid format '2018' of date
 field 'date' - ignoring.


Package biblatex Warning: Biber reported the following issues
(biblatex)                with 'SmidMeasurementEquivalenceConvergent2018':
(biblatex)                - Entry 'SmidMeasurementEquivalenceConvergent2018' (/
Users/st06810/Dropbox/AkademiskCV/tpubs_zot2.bib): Invalid format '2018' of dat
e field 'date' - ignoring.


Package biblatex Warning: Biber reported the following issues
(biblatex)                with 'BoeCumulativeeffectsnegative2017':
(biblatex)                - Entry 'BoeCumulativeeffectsnegative2017' (/Users/st
06810/Dropbox/AkademiskCV/tpubs_zot2.bib): Invalid format '2017' of date field 
'date' - ignoring.


Package biblatex Warning: Biber reported the following issues
(biblatex)                with 'BoeEconomicvolatilitychildhood2017':
(biblatex)                - Entry 'BoeEconomicvolatilitychildhood2017' (/Users/
st06810/Dropbox/AkademiskCV/tpubs_zot2.bib): Invalid format '2017' of date fiel
d 'date' - ignoring.


Package biblatex Warning: Biber reported the following issues
(biblatex)                with 'BoeFinancialdifficultieschildhood2017':
(biblatex)                - Entry 'BoeFinancialdifficultieschildhood2017' (/Use
rs/st06810/Dropbox/AkademiskCV/tpubs_zot2.bib): Invalid format '2017' of date f
ield 'date' - ignoring.


Package biblatex Warning: Biber reported the following issues
(biblatex)                with 'Lehmaninternalstructurefosterparent2017':
(biblatex)                - Entry 'Lehmaninternalstructurefosterparent2017' (/U
sers/st06810/Dropbox/AkademiskCV/tpubs_zot2.bib): Invalid format '2017' of date
 field 'date' - ignoring.


Package biblatex Warning: Biber reported the following issues
(biblatex)                with 'LundervoldInattentionprimaryschool2017a':
(biblatex)                - Entry 'LundervoldInattentionprimaryschool2017a' (/U
sers/st06810/Dropbox/AkademiskCV/tpubs_zot2.bib): Invalid format '2017' of date
 field 'date' - ignoring.


Package biblatex Warning: Biber reported the following issues
(biblatex)                with 'SivertsenMovingpovertychildhood2017':
(biblatex)                - Entry 'SivertsenMovingpovertychildhood2017' (/Users
/st06810/Dropbox/AkademiskCV/tpubs_zot2.bib): Invalid format '2017' of date fie
ld 'date' - ignoring.


Package biblatex Warning: Biber reported the following issues
(biblatex)                with 'BoeFeelingpoorbeing2016':
(biblatex)                - Entry 'BoeFeelingpoorbeing2016' (/Users/st06810/Dro
pbox/AkademiskCV/tpubs_zot2.bib): Invalid format '2016' of date field 'date' - 
ignoring.


Package biblatex Warning: Biber reported the following issues
(biblatex)                with 'BoeLowfamilyincome2016':
(biblatex)                - Entry 'BoeLowfamilyincome2016' (/Users/st06810/Drop
box/AkademiskCV/tpubs_zot2.bib): Invalid format '2016' of date field 'date' - i
gnoring.


Package biblatex Warning: Biber reported the following issues
(biblatex)                with 'Boestrengthsdifficultiesquestionnaire2016':
(biblatex)                - Entry 'Boestrengthsdifficultiesquestionnaire2016' (
/Users/st06810/Dropbox/AkademiskCV/tpubs_zot2.bib): Invalid format '2016' of da
te field 'date' - ignoring.


Package biblatex Warning: Biber reported the following issues
(biblatex)                with 'EilertsenParentalsocioeconomicstatus2016':
(biblatex)                - Entry 'EilertsenParentalsocioeconomicstatus2016' (/
Users/st06810/Dropbox/AkademiskCV/tpubs_zot2.bib): Invalid format '2016' of dat
e field 'date' - ignoring.


Package biblatex Warning: Biber reported the following issues
(biblatex)                with 'Hysingsocialgradientsleep2016':
(biblatex)                - Entry 'Hysingsocialgradientsleep2016' (/Users/st068
10/Dropbox/AkademiskCV/tpubs_zot2.bib): Invalid format '2016' of date field 'da
te' - ignoring.


Package biblatex Warning: Biber reported the following issues
(biblatex)                with 'SkogenUsealcoholtobacco2016':
(biblatex)                - Entry 'SkogenUsealcoholtobacco2016' (/Users/st06810
/Dropbox/AkademiskCV/tpubs_zot2.bib): Invalid format '2016' of date field 'date
' - ignoring.


Package biblatex Warning: Biber reported the following issues
(biblatex)                with 'AskelandAdolescentSchoolAbsenteeism2015':
(biblatex)                - Entry 'AskelandAdolescentSchoolAbsenteeism2015' (/U
sers/st06810/Dropbox/AkademiskCV/tpubs_zot2.bib): Invalid format '2015' of date
 field 'date' - ignoring.


Package biblatex Warning: Biber reported the following issues
(biblatex)                with 'HysingSleepschoolattendance2015':
(biblatex)                - Entry 'HysingSleepschoolattendance2015' (/Users/st0
6810/Dropbox/AkademiskCV/tpubs_zot2.bib): Invalid format '2015' of date field '
date' - ignoring.


Package biblatex Warning: Biber reported the following issues
(biblatex)                with 'BoeSocioeconomicstatuschild2014':
(biblatex)                - Entry 'BoeSocioeconomicstatuschild2014' (/Users/st0
6810/Dropbox/AkademiskCV/tpubs_zot2.bib): Invalid format '2014' of date field '
date' - ignoring.


Package biblatex Warning: Biber reported the following issues
(biblatex)                with 'SolbergHoldningertilbruk2014a':
(biblatex)                - Entry 'SolbergHoldningertilbruk2014a' (/Users/st068
10/Dropbox/AkademiskCV/tpubs_zot2.bib): Invalid format '2014' of date field 'da
te' - ignoring.


Package biblatex Warning: Biber reported the following issues
(biblatex)                with 'HysingMaleegenskapervednorske2013':
(biblatex)                - Entry 'HysingMaleegenskapervednorske2013' (/Users/s
t06810/Dropbox/AkademiskCV/tpubs_zot2.bib): Invalid format '2013' of date field
 'date' - ignoring.


Package biblatex Warning: Biber reported the following issues
(biblatex)                with 'SivertsenDelayedsleepphase2013':
(biblatex)                - Entry 'SivertsenDelayedsleepphase2013' (/Users/st06
810/Dropbox/AkademiskCV/tpubs_zot2.bib): Invalid format '2013' of date field 'd
ate' - ignoring.


Package biblatex Warning: Biber reported the following issues
(biblatex)                with 'SkogenPsychometricpropertiesconcurrent2013':
(biblatex)                - Entry 'SkogenPsychometricpropertiesconcurrent2013' 
(/Users/st06810/Dropbox/AkademiskCV/tpubs_zot2.bib): Invalid format '2013' of d
ate field 'date' - ignoring.


Package biblatex Warning: Biber reported the following issues
(biblatex)                with 'BoeSleepproblemsmediator2012':
(biblatex)                - Entry 'BoeSleepproblemsmediator2012' (/Users/st0681
0/Dropbox/AkademiskCV/tpubs_zot2.bib): Invalid format '2012' of date field 'dat
e' - ignoring.


Package biblatex Warning: Biber reported the following issues
(biblatex)                with 'BoeSocioeconomicstatuschildren2012':
(biblatex)                - Entry 'BoeSocioeconomicstatuschildren2012' (/Users/
st06810/Dropbox/AkademiskCV/tpubs_zot2.bib): Invalid format '2012' of date fiel
d 'date' - ignoring.


Package biblatex Warning: Biber reported the following issues
(biblatex)                with 'BoeSocioeconomicstatuschildren2012a':
(biblatex)                - Entry 'BoeSocioeconomicstatuschildren2012a' (/Users
/st06810/Dropbox/AkademiskCV/tpubs_zot2.bib): Invalid format '2012' of date fie
ld 'date' - ignoring.


Package biblatex Warning: Biber reported the following issues
(biblatex)                with 'HysingMaleegenskapervednorske2012':
(biblatex)                - Entry 'HysingMaleegenskapervednorske2012' (/Users/s
t06810/Dropbox/AkademiskCV/tpubs_zot2.bib): Invalid format '2012' of date field
 'date' - ignoring.


Package biblatex Warning: Biber reported the following issues
(biblatex)                with 'BoeMaleegenskapervednorske2011':
(biblatex)                - Entry 'BoeMaleegenskapervednorske2011' (/Users/st06
810/Dropbox/AkademiskCV/tpubs_zot2.bib): Invalid format '2011' of date field 'd
ate' - ignoring.


Package biblatex Warning: Biber reported the following issues
(biblatex)                with 'KornorMaleegenskapervednorske2011':
(biblatex)                - Entry 'KornorMaleegenskapervednorske2011' (/Users/s
t06810/Dropbox/AkademiskCV/tpubs_zot2.bib): Invalid format '2011' of date field
 'date' - ignoring.


Package biblatex Warning: Biber reported the following issues
(biblatex)                with 'KornorMaleegenskapervednorske2011a':
(biblatex)                - Entry 'KornorMaleegenskapervednorske2011a' (/Users/
st06810/Dropbox/AkademiskCV/tpubs_zot2.bib): Invalid format '2011' of date fiel
d 'date' - ignoring.


Package biblatex Warning: Biber reported the following issues
(biblatex)                with 'kornormeasurementproperties2011':
(biblatex)                - Entry 'kornormeasurementproperties2011' (/Users/st0
6810/Dropbox/AkademiskCV/tpubs_zot2.bib): Invalid format '2011' of date field '
date' - ignoring.


Package biblatex Warning: Biber reported the following issues
(biblatex)                with 'BoeT.Hvabetyrdet2016':
(biblatex)                - Entry 'BoeT.Hvabetyrdet2016' (/Users/st06810/Dropbo
x/AkademiskCV/tpubs_zot2.bib): Invalid format '2016' of date field 'date' - ign
oring.


Package biblatex Warning: Biber reported the following issues
(biblatex)                with 'BoeRoadIndependenceMental2019a':
(biblatex)                - Entry 'BoeRoadIndependenceMental2019a' (/Users/st06
810/Dropbox/AkademiskCV/tpubs_zot2.bib): Invalid format '2019' of date field 'd
ate' - ignoring.


Package biblatex Warning: Biber reported the following issues
(biblatex)                with 'boe2019higher':
(biblatex)                - Entry 'boe2019higher' (/Users/st06810/Dropbox/Akade
miskCV/tpubs_zot2.bib): Invalid format '2019' of date field 'date' - ignoring.


Package biblatex Warning: Biber reported the following issues
(biblatex)                with 'NilsenDivorceAdolescentMental2018':
(biblatex)                - Entry 'NilsenDivorceAdolescentMental2018' (/Users/s
t06810/Dropbox/AkademiskCV/tpubs_zot2.bib): Invalid format '2018' of date field
 'date' - ignoring.


Package biblatex Warning: Biber reported the following issues
(biblatex)                with 'BoeEconomicvolatilityadolescent2016':
(biblatex)                - Entry 'BoeEconomicvolatilityadolescent2016' (/Users
/st06810/Dropbox/AkademiskCV/tpubs_zot2.bib): Invalid format '2016' of date fie
ld 'date' - ignoring.


Package biblatex Warning: Biber reported the following issues
(biblatex)                with 'BoeSubjectiveeconomicstatus2016':
(biblatex)                - Entry 'BoeSubjectiveeconomicstatus2016' (/Users/st0
6810/Dropbox/AkademiskCV/tpubs_zot2.bib): Invalid format '2016' of date field '
date' - ignoring.


Package biblatex Warning: Biber reported the following issues
(biblatex)                with 'BoeFeelingpoorbeing2016a':
(biblatex)                - Entry 'BoeFeelingpoorbeing2016a' (/Users/st06810/Dr
opbox/AkademiskCV/tpubs_zot2.bib): Invalid format '2016' of date field 'date' -
 ignoring.


Package biblatex Warning: Biber reported the following issues
(biblatex)                with 'BoePerceivedPoorFamily2015':
(biblatex)                - Entry 'BoePerceivedPoorFamily2015' (/Users/st06810/
Dropbox/AkademiskCV/tpubs_zot2.bib): Invalid format '2015' of date field 'date'
 - ignoring.


Package biblatex Warning: Biber reported the following issues
(biblatex)                with 'BoeParentalemotionalwellbeing2013':
(biblatex)                - Entry 'BoeParentalemotionalwellbeing2013' (/Users/s
t06810/Dropbox/AkademiskCV/tpubs_zot2.bib): Invalid format '2013' of date field
 'date' - ignoring.


Package biblatex Warning: Biber reported the following issues
(biblatex)                with 'BoeChildhoodsleepproblems2012':
(biblatex)                - Entry 'BoeChildhoodsleepproblems2012' (/Users/st068
10/Dropbox/AkademiskCV/tpubs_zot2.bib): Invalid format '2012' of date field 'da
te' - ignoring.


Package biblatex Warning: Biber reported the following issues
(biblatex)                with 'boesocioeconomicstatus2010':
(biblatex)                - Entry 'boesocioeconomicstatus2010' (/Users/st06810/
Dropbox/AkademiskCV/tpubs_zot2.bib): Invalid format '2010' of date field 'date'
 - ignoring.


Package biblatex Warning: Biber reported the following issues
(biblatex)                with 'boestabilitymental2010':
(biblatex)                - Entry 'boestabilitymental2010' (/Users/st06810/Drop
box/AkademiskCV/tpubs_zot2.bib): Invalid format '2010' of date field 'date' - i
gnoring.


Package biblatex Warning: Biber reported the following issues
(biblatex)                with 'boesocioeconomicstatus2009':
(biblatex)                - Entry 'boesocioeconomicstatus2009' (/Users/st06810/
Dropbox/AkademiskCV/tpubs_zot2.bib): Invalid format '2009' of date field 'date'
 - ignoring.


Package biblatex Warning: Biber reported the following issues
(biblatex)                with 'BoeLevekarsundersokelseAskoyFjell2017':
(biblatex)                - Entry 'BoeLevekarsundersokelseAskoyFjell2017' (/Use
rs/st06810/Dropbox/AkademiskCV/tpubs_zot2.bib): Invalid format '2017' of date f
ield 'date' - ignoring.


Package biblatex Warning: Biber reported the following issues
(biblatex)                with 'BoeSosiookonomiskstatusog2015':
(biblatex)                - Entry 'BoeSosiookonomiskstatusog2015' (/Users/st068
10/Dropbox/AkademiskCV/tpubs_zot2.bib): Invalid format '2015' of date field 'da
te' - ignoring.


Package biblatex Warning: Biber reported the following issues
(biblatex)                with 'KvestadVeientilselvstendighet2019':
(biblatex)                - Entry 'KvestadVeientilselvstendighet2019' (/Users/s
t06810/Dropbox/AkademiskCV/tpubs_zot2.bib): Invalid format '2019' of date field
 'date' - ignoring.


Package biblatex Warning: Biber reported the following issues
(biblatex)                with 'Arntzen29recommendationscombat2019':
(biblatex)                - Entry 'Arntzen29recommendationscombat2019' (/Users/
st06810/Dropbox/AkademiskCV/tpubs_zot2.bib): Invalid format '2019' of date fiel
d 'date' - ignoring.


Package biblatex Warning: Biber reported the following issues
(biblatex)                with 'AskelandAdolescentSchoolAbsenteeism2015':
(biblatex)                - Entry 'AskelandAdolescentSchoolAbsenteeism2015' (/U
sers/st06810/Dropbox/AkademiskCV/tpubs_zot2.bib): Invalid format '2015' of date
 field 'date' - ignoring.


Package biblatex Warning: Biber reported the following issues
(biblatex)                with 'boe2019higher':
(biblatex)                - Entry 'boe2019higher' (/Users/st06810/Dropbox/Akade
miskCV/tpubs_zot2.bib): Invalid format '2019' of date field 'date' - ignoring.


Package biblatex Warning: Biber reported the following issues
(biblatex)                with 'boesocioeconomicstatus2010':
(biblatex)                - Entry 'boesocioeconomicstatus2010' (/Users/st06810/
Dropbox/AkademiskCV/tpubs_zot2.bib): Invalid format '2010' of date field 'date'
 - ignoring.


Package biblatex Warning: Biber reported the following issues
(biblatex)                with 'boesocioeconomicstatus2009':
(biblatex)                - Entry 'boesocioeconomicstatus2009' (/Users/st06810/
Dropbox/AkademiskCV/tpubs_zot2.bib): Invalid format '2009' of date field 'date'
 - ignoring.


Package biblatex Warning: Biber reported the following issues
(biblatex)                with 'BoeSocioeconomicstatuschildren2012a':
(biblatex)                - Entry 'BoeSocioeconomicstatuschildren2012a' (/Users
/st06810/Dropbox/AkademiskCV/tpubs_zot2.bib): Invalid format '2012' of date fie
ld 'date' - ignoring.


Package biblatex Warning: Biber reported the following issues
(biblatex)                with 'BoeEconomicvolatilityadolescent2016':
(biblatex)                - Entry 'BoeEconomicvolatilityadolescent2016' (/Users
/st06810/Dropbox/AkademiskCV/tpubs_zot2.bib): Invalid format '2016' of date fie
ld 'date' - ignoring.


Package biblatex Warning: Biber reported the following issues
(biblatex)                with 'BoeLevekarsundersokelseAskoyFjell2017':
(biblatex)                - Entry 'BoeLevekarsundersokelseAskoyFjell2017' (/Use
rs/st06810/Dropbox/AkademiskCV/tpubs_zot2.bib): Invalid format '2017' of date f
ield 'date' - ignoring.


Package biblatex Warning: Biber reported the following issues
(biblatex)                with 'BoePerceivedPoorFamily2015':
(biblatex)                - Entry 'BoePerceivedPoorFamily2015' (/Users/st06810/
Dropbox/AkademiskCV/tpubs_zot2.bib): Invalid format '2015' of date field 'date'
 - ignoring.


Package biblatex Warning: Biber reported the following issues
(biblatex)                with 'BoeRoadIndependenceMental2019a':
(biblatex)                - Entry 'BoeRoadIndependenceMental2019a' (/Users/st06
810/Dropbox/AkademiskCV/tpubs_zot2.bib): Invalid format '2019' of date field 'd
ate' - ignoring.


Package biblatex Warning: Biber reported the following issues
(biblatex)                with 'tormodboesocioeconomicstatus2013':
(biblatex)                - Entry 'tormodboesocioeconomicstatus2013' (/Users/st
06810/Dropbox/AkademiskCV/tpubs_zot2.bib): Invalid format '2013' of date field 
'date' - ignoring.


Package biblatex Warning: Biber reported the following issues
(biblatex)                with 'BoeSosiookonomiskstatusog2015':
(biblatex)                - Entry 'BoeSosiookonomiskstatusog2015' (/Users/st068
10/Dropbox/AkademiskCV/tpubs_zot2.bib): Invalid format '2015' of date field 'da
te' - ignoring.


Package biblatex Warning: Biber reported the following issues
(biblatex)                with 'BoeSubjectiveeconomicstatus2016':
(biblatex)                - Entry 'BoeSubjectiveeconomicstatus2016' (/Users/st0
6810/Dropbox/AkademiskCV/tpubs_zot2.bib): Invalid format '2016' of date field '
date' - ignoring.


Package biblatex Warning: Biber reported the following issues
(biblatex)                with 'BoeFinancialdifficultieschildhood2017':
(biblatex)                - Entry 'BoeFinancialdifficultieschildhood2017' (/Use
rs/st06810/Dropbox/AkademiskCV/tpubs_zot2.bib): Invalid format '2017' of date f
ield 'date' - ignoring.


Package biblatex Warning: Biber reported the following issues
(biblatex)                with 'BoeFeelingpoorbeing2016a':
(biblatex)                - Entry 'BoeFeelingpoorbeing2016a' (/Users/st06810/Dr
opbox/AkademiskCV/tpubs_zot2.bib): Invalid format '2016' of date field 'date' -
 ignoring.


Package biblatex Warning: Biber reported the following issues
(biblatex)                with 'BoeFeelingpoorbeing2016':
(biblatex)                - Entry 'BoeFeelingpoorbeing2016' (/Users/st06810/Dro
pbox/AkademiskCV/tpubs_zot2.bib): Invalid format '2016' of date field 'date' - 
ignoring.


Package biblatex Warning: Biber reported the following issues
(biblatex)                with 'BoeSubjectiveEconomicStatus2018':
(biblatex)                - Entry 'BoeSubjectiveEconomicStatus2018' (/Users/st0
6810/Dropbox/AkademiskCV/tpubs_zot2.bib): Invalid format '2018' of date field '
date' - ignoring.


Package biblatex Warning: Biber reported the following issues
(biblatex)                with 'BoeChildhoodsleepproblems2012':
(biblatex)                - Entry 'BoeChildhoodsleepproblems2012' (/Users/st068
10/Dropbox/AkademiskCV/tpubs_zot2.bib): Invalid format '2012' of date field 'da
te' - ignoring.


Package biblatex Warning: Biber reported the following issues
(biblatex)                with 'BoeMaleegenskapervednorske2011':
(biblatex)                - Entry 'BoeMaleegenskapervednorske2011' (/Users/st06
810/Dropbox/AkademiskCV/tpubs_zot2.bib): Invalid format '2011' of date field 'd
ate' - ignoring.


Package biblatex Warning: Biber reported the following issues
(biblatex)                with 'Boestrengthsdifficultiesquestionnaire2016':
(biblatex)                - Entry 'Boestrengthsdifficultiesquestionnaire2016' (
/Users/st06810/Dropbox/AkademiskCV/tpubs_zot2.bib): Invalid format '2016' of da
te field 'date' - ignoring.


Package biblatex Warning: Biber reported the following issues
(biblatex)                with 'BoeSleepproblemsmediator2012':
(biblatex)                - Entry 'BoeSleepproblemsmediator2012' (/Users/st0681
0/Dropbox/AkademiskCV/tpubs_zot2.bib): Invalid format '2012' of date field 'dat
e' - ignoring.


Package biblatex Warning: Biber reported the following issues
(biblatex)                with 'BoeLowfamilyincome2016':
(biblatex)                - Entry 'BoeLowfamilyincome2016' (/Users/st06810/Drop
box/AkademiskCV/tpubs_zot2.bib): Invalid format '2016' of date field 'date' - i
gnoring.


Package biblatex Warning: Biber reported the following issues
(biblatex)                with 'boestabilitymental2010':
(biblatex)                - Entry 'boestabilitymental2010' (/Users/st06810/Drop
box/AkademiskCV/tpubs_zot2.bib): Invalid format '2010' of date field 'date' - i
gnoring.


Package biblatex Warning: Biber reported the following issues
(biblatex)                with 'BoeSocioeconomicstatuschildren2012':
(biblatex)                - Entry 'BoeSocioeconomicstatuschildren2012' (/Users/
st06810/Dropbox/AkademiskCV/tpubs_zot2.bib): Invalid format '2012' of date fiel
d 'date' - ignoring.


Package biblatex Warning: Biber reported the following issues
(biblatex)                with 'BoeInterplaySubjectiveObjective2019a':
(biblatex)                - Entry 'BoeInterplaySubjectiveObjective2019a' (/User
s/st06810/Dropbox/AkademiskCV/tpubs_zot2.bib): Invalid format '2019' of date fi
eld 'date' - ignoring.


Package biblatex Warning: Biber reported the following issues
(biblatex)                with 'BoeCumulativeeffectsnegative2017':
(biblatex)                - Entry 'BoeCumulativeeffectsnegative2017' (/Users/st
06810/Dropbox/AkademiskCV/tpubs_zot2.bib): Invalid format '2017' of date field 
'date' - ignoring.


Package biblatex Warning: Biber reported the following issues
(biblatex)                with 'BoeParentalemotionalwellbeing2013':
(biblatex)                - Entry 'BoeParentalemotionalwellbeing2013' (/Users/s
t06810/Dropbox/AkademiskCV/tpubs_zot2.bib): Invalid format '2013' of date field
 'date' - ignoring.


Package biblatex Warning: Biber reported the following issues
(biblatex)                with 'BoeSocioeconomicstatuschild2014':
(biblatex)                - Entry 'BoeSocioeconomicstatuschild2014' (/Users/st0
6810/Dropbox/AkademiskCV/tpubs_zot2.bib): Invalid format '2014' of date field '
date' - ignoring.


Package biblatex Warning: Biber reported the following issues
(biblatex)                with 'BoeEconomicvolatilitychildhood2017':
(biblatex)                - Entry 'BoeEconomicvolatilitychildhood2017' (/Users/
st06810/Dropbox/AkademiskCV/tpubs_zot2.bib): Invalid format '2017' of date fiel
d 'date' - ignoring.


Package biblatex Warning: Biber reported the following issues
(biblatex)                with 'BoeT.Hvabetyrdet2016':
(biblatex)                - Entry 'BoeT.Hvabetyrdet2016' (/Users/st06810/Dropbo
x/AkademiskCV/tpubs_zot2.bib): Invalid format '2016' of date field 'date' - ign
oring.


Package biblatex Warning: Biber reported the following issues
(biblatex)                with 'EilertsenParentalsocioeconomicstatus2016':
(biblatex)                - Entry 'EilertsenParentalsocioeconomicstatus2016' (/
Users/st06810/Dropbox/AkademiskCV/tpubs_zot2.bib): Invalid format '2016' of dat
e field 'date' - ignoring.


Package biblatex Warning: Biber reported the following issues
(biblatex)                with 'HeradstveitProspectiveassociationschildhood2018
':
(biblatex)                - Entry 'HeradstveitProspectiveassociationschildhood2
018' (/Users/st06810/Dropbox/AkademiskCV/tpubs_zot2.bib): Invalid format '2018'
 of date field 'date' - ignoring.


Package biblatex Warning: Biber reported the following issues
(biblatex)                with 'HetlevikGPdiagnosedinternalizingexternalizing20
18':
(biblatex)                - Entry 'HetlevikGPdiagnosedinternalizingexternalizin
g2018' (/Users/st06810/Dropbox/AkademiskCV/tpubs_zot2.bib): Invalid format '201
8' of date field 'date' - ignoring.


Package biblatex Warning: Biber reported the following issues
(biblatex)                with 'HysingMaleegenskapervednorske2012':
(biblatex)                - Entry 'HysingMaleegenskapervednorske2012' (/Users/s
t06810/Dropbox/AkademiskCV/tpubs_zot2.bib): Invalid format '2012' of date field
 'date' - ignoring.


Package biblatex Warning: Biber reported the following issues
(biblatex)                with 'HysingMaleegenskapervednorske2013':
(biblatex)                - Entry 'HysingMaleegenskapervednorske2013' (/Users/s
t06810/Dropbox/AkademiskCV/tpubs_zot2.bib): Invalid format '2013' of date field
 'date' - ignoring.


Package biblatex Warning: Biber reported the following issues
(biblatex)                with 'HysingSleepschoolattendance2015':
(biblatex)                - Entry 'HysingSleepschoolattendance2015' (/Users/st0
6810/Dropbox/AkademiskCV/tpubs_zot2.bib): Invalid format '2015' of date field '
date' - ignoring.


Package biblatex Warning: Biber reported the following issues
(biblatex)                with 'Hysingsocialgradientsleep2016':
(biblatex)                - Entry 'Hysingsocialgradientsleep2016' (/Users/st068
10/Dropbox/AkademiskCV/tpubs_zot2.bib): Invalid format '2016' of date field 'da
te' - ignoring.


Package biblatex Warning: Biber reported the following issues
(biblatex)                with 'KornorMaleegenskapervednorske2011a':
(biblatex)                - Entry 'KornorMaleegenskapervednorske2011a' (/Users/
st06810/Dropbox/AkademiskCV/tpubs_zot2.bib): Invalid format '2011' of date fiel
d 'date' - ignoring.


Package biblatex Warning: Biber reported the following issues
(biblatex)                with 'KornorMaleegenskapervednorske2011':
(biblatex)                - Entry 'KornorMaleegenskapervednorske2011' (/Users/s
t06810/Dropbox/AkademiskCV/tpubs_zot2.bib): Invalid format '2011' of date field
 'date' - ignoring.


Package biblatex Warning: Biber reported the following issues
(biblatex)                with 'kornormeasurementproperties2011':
(biblatex)                - Entry 'kornormeasurementproperties2011' (/Users/st0
6810/Dropbox/AkademiskCV/tpubs_zot2.bib): Invalid format '2011' of date field '
date' - ignoring.


Package biblatex Warning: Biber reported the following issues
(biblatex)                with 'KvestadVeientilselvstendighet2019':
(biblatex)                - Entry 'KvestadVeientilselvstendighet2019' (/Users/s
t06810/Dropbox/AkademiskCV/tpubs_zot2.bib): Invalid format '2019' of date field
 'date' - ignoring.


Package biblatex Warning: Biber reported the following issues
(biblatex)                with 'Lehmaninternalstructurefosterparent2017':
(biblatex)                - Entry 'Lehmaninternalstructurefosterparent2017' (/U
sers/st06810/Dropbox/AkademiskCV/tpubs_zot2.bib): Invalid format '2017' of date
 field 'date' - ignoring.


Package biblatex Warning: Biber reported the following issues
(biblatex)                with 'LundervoldInattentionprimaryschool2017a':
(biblatex)                - Entry 'LundervoldInattentionprimaryschool2017a' (/U
sers/st06810/Dropbox/AkademiskCV/tpubs_zot2.bib): Invalid format '2017' of date
 field 'date' - ignoring.


Package biblatex Warning: Biber reported the following issues
(biblatex)                with 'MyrtveitSaetherHealthcomplaintslate2018':
(biblatex)                - Entry 'MyrtveitSaetherHealthcomplaintslate2018' (/U
sers/st06810/Dropbox/AkademiskCV/tpubs_zot2.bib): Invalid format '2018' of date
 field 'date' - ignoring.


Package biblatex Warning: Biber reported the following issues
(biblatex)                with 'NilsenDivorceAdolescentMental2018':
(biblatex)                - Entry 'NilsenDivorceAdolescentMental2018' (/Users/s
t06810/Dropbox/AkademiskCV/tpubs_zot2.bib): Invalid format '2018' of date field
 'date' - ignoring.


Package biblatex Warning: Biber reported the following issues
(biblatex)                with 'NilsenDivorceFamilyStructure2018':
(biblatex)                - Entry 'NilsenDivorceFamilyStructure2018' (/Users/st
06810/Dropbox/AkademiskCV/tpubs_zot2.bib): Invalid format '2018' of date field 
'date' - ignoring.


Package biblatex Warning: Biber reported the following issues
(biblatex)                with 'nilsen2019complex':
(biblatex)                - Entry 'nilsen2019complex' (/Users/st06810/Dropbox/A
kademiskCV/tpubs_zot2.bib): Invalid format '2019' of date field 'date' - ignori
ng.


Package biblatex Warning: Biber reported the following issues
(biblatex)                with 'SandtorvSymptomsAssociatedAttention2018':
(biblatex)                - Entry 'SandtorvSymptomsAssociatedAttention2018' (/U
sers/st06810/Dropbox/AkademiskCV/tpubs_zot2.bib): Invalid format '2018' of date
 field 'date' - ignoring.


Package biblatex Warning: Biber reported the following issues
(biblatex)                with 'SivertsenMovingpovertychildhood2017':
(biblatex)                - Entry 'SivertsenMovingpovertychildhood2017' (/Users
/st06810/Dropbox/AkademiskCV/tpubs_zot2.bib): Invalid format '2017' of date fie
ld 'date' - ignoring.


Package biblatex Warning: Biber reported the following issues
(biblatex)                with 'SivertsenDelayedsleepphase2013':
(biblatex)                - Entry 'SivertsenDelayedsleepphase2013' (/Users/st06
810/Dropbox/AkademiskCV/tpubs_zot2.bib): Invalid format '2013' of date field 'd
ate' - ignoring.


Package biblatex Warning: Biber reported the following issues
(biblatex)                with 'SkogenPsychometricpropertiesconcurrent2013':
(biblatex)                - Entry 'SkogenPsychometricpropertiesconcurrent2013' 
(/Users/st06810/Dropbox/AkademiskCV/tpubs_zot2.bib): Invalid format '2013' of d
ate field 'date' - ignoring.


Package biblatex Warning: Biber reported the following issues
(biblatex)                with 'SkogenSociodemographiccharacteristicsassociated
2019':
(biblatex)                - Entry 'SkogenSociodemographiccharacteristicsassocia
ted2019' (/Users/st06810/Dropbox/AkademiskCV/tpubs_zot2.bib): Invalid format '2
019' of date field 'date' - ignoring.


Package biblatex Warning: Biber reported the following issues
(biblatex)                with 'SkogenUsealcoholtobacco2016':
(biblatex)                - Entry 'SkogenUsealcoholtobacco2016' (/Users/st06810
/Dropbox/AkademiskCV/tpubs_zot2.bib): Invalid format '2016' of date field 'date
' - ignoring.


Package biblatex Warning: Biber reported the following issues
(biblatex)                with 'skogeneconomiccircumstances2019':
(biblatex)                - Entry 'skogeneconomiccircumstances2019' (/Users/st0
6810/Dropbox/AkademiskCV/tpubs_zot2.bib): Invalid format '2019' of date field '
date' - ignoring.


Package biblatex Warning: Biber reported the following issues
(biblatex)                with 'SmidMeasurementEquivalenceConvergent2018':
(biblatex)                - Entry 'SmidMeasurementEquivalenceConvergent2018' (/
Users/st06810/Dropbox/AkademiskCV/tpubs_zot2.bib): Invalid format '2018' of dat
e field 'date' - ignoring.


Package biblatex Warning: Biber reported the following issues
(biblatex)                with 'SolbergHoldningertilbruk2014a':
(biblatex)                - Entry 'SolbergHoldningertilbruk2014a' (/Users/st068
10/Dropbox/AkademiskCV/tpubs_zot2.bib): Invalid format '2014' of date field 'da
te' - ignoring.

)
Package biblatex Info: Reference section=0 on input line 251.
Package biblatex Info: Reference segment=0 on input line 251.
ABD: EverySelectfont initializing macros
LaTeX Info: Redefining \selectfont on input line 251.
(/Users/st06810/Library/TinyTeX/texmf-dist/tex/latex/fmtcount/fc-english.def
File: fc-english.def 2016/01/12
)
LaTeX Font Info:    External font `cmex10' loaded for size
(Font)              <10.95> on input line 252.
LaTeX Font Info:    External font `cmex10' loaded for size
(Font)              <8> on input line 252.
LaTeX Font Info:    External font `cmex10' loaded for size
(Font)              <6> on input line 252.
LaTeX Font Info:    Font shape `T1/Carlito-TLF/m/n' will be
(Font)              scaled to size 17.28pt on input line 252.
LaTeX Font Info:    Font shape `T1/Carlito-TLF/bx/n' in size <17.28> not availa
ble
(Font)              Font shape `T1/Carlito-TLF/b/n' tried instead on input line
 252.
LaTeX Font Info:    Font shape `T1/Carlito-TLF/b/n' will be
(Font)              scaled to size 17.28pt on input line 252.
LaTeX Font Info:    Font shape `T1/Carlito-TLF/bx/n' in size <10.95> not availa
ble
(Font)              Font shape `T1/Carlito-TLF/b/n' tried instead on input line
 252.
LaTeX Font Info:    Font shape `T1/Carlito-TLF/b/n' will be
(Font)              scaled to size 10.95pt on input line 252.
LaTeX Font Info:    Font shape `T1/Carlito-TLF/m/n' will be
(Font)              scaled to size 8.0pt on input line 252.
LaTeX Font Info:    Font shape `T1/Carlito-TLF/m/n' will be
(Font)              scaled to size 9.0pt on input line 252.
LaTeX Font Info:    External font `cmex10' loaded for size
(Font)              <9> on input line 252.
LaTeX Font Info:    External font `cmex10' loaded for size
(Font)              <5> on input line 252.

Overfull \hbox (6.79999pt too wide) in paragraph at lines 252--254
[][][][] 
 []


LaTeX Font Warning: Command \large invalid in math mode on input line 264.

LaTeX Font Info:    Font shape `T1/Carlito-TLF/m/n' will be
(Font)              scaled to size 12.0pt on input line 264.
LaTeX Font Info:    Font shape `T1/Carlito-TLF/bx/n' in size <12> not available

(Font)              Font shape `T1/Carlito-TLF/b/n' tried instead on input line
 264.
LaTeX Font Info:    Font shape `T1/Carlito-TLF/b/n' will be
(Font)              scaled to size 12.0pt on input line 264.

Overfull \hbox (8.38182pt too wide) in paragraph at lines 302--310
[][]  
 []

[1

{/Users/st06810/Library/TinyTeX/texmf-var/fonts/map/pdftex/updmap/pdftex.map}]
Overfull \hbox (3.41171pt too wide) in paragraph at lines 354--364
[][]  
 []

LaTeX Font Info:    Font shape `T1/Carlito-TLF/m/it' will be
(Font)              scaled to size 10.95pt on input line 386.
[2] [3]
LaTeX Font Info:    Font shape `T1/Carlito-TLF/m/it' will be
(Font)              scaled to size 10.0pt on input line 454.
LaTeX Font Info:    Font shape `T1/Carlito-TLF/bx/n' in size <10> not available

(Font)              Font shape `T1/Carlito-TLF/b/n' tried instead on input line
 454.
LaTeX Font Info:    Font shape `T1/Carlito-TLF/b/n' will be
(Font)              scaled to size 10.0pt on input line 454.
[4] [5] [6]
LaTeX Font Info:    External font `cmex10' loaded for size
(Font)              <7> on input line 548.
Package atveryend Info: Empty hook `BeforeClearDocument' on input line 554.
[7]
Package atveryend Info: Empty hook `AfterLastShipout' on input line 554.
(./Tormod_CV.aux)
Package atveryend Info: Executing hook `AtVeryEndDocument' on input line 554.
Package atveryend Info: Executing hook `AtEndAfterFileList' on input line 554.
Package rerunfilecheck Info: File `Tormod_CV.out' has not changed.
(rerunfilecheck)             Checksum: 586C93FA975CEE2027C19C43A6219B4B;2814.
Package logreq Info: Writing requests to 'Tormod_CV.run.xml'.
\openout1 = `Tormod_CV.run.xml'.

Package atveryend Info: Empty hook `AtVeryVeryEnd' on input line 554.
 ) 
Here is how much of TeX's memory you used:
 31163 strings out of 493856
 559371 string characters out of 6168882
 1059867 words of memory out of 5000000
 34880 multiletter control sequences out of 15000+600000
 625420 words of font info for 60 fonts, out of 8000000 for 9000
 230 hyphenation exceptions out of 8191
 45i,14n,67p,2349b,1372s stack positions out of 5000i,500n,10000p,200000b,80000s
{/Users/st06810/Library/TinyTeX/texmf-dist/fonts/enc/dvips/carlito/crlt_z7vml
3.enc}</Users/st06810/Library/TinyTeX/texmf-dist/fonts/type1/typoland/carlito/C
arlito-Bold.pfb></Users/st06810/Library/TinyTeX/texmf-dist/fonts/type1/typoland
/carlito/Carlito-Italic.pfb></Users/st06810/Library/TinyTeX/texmf-dist/fonts/ty
pe1/typoland/carlito/Carlito.pfb></Users/st06810/Library/TinyTeX/texmf-dist/fon
ts/type1/urw/zapfding/uzdr.pfb>
Output written on Tormod_CV.pdf (7 pages, 97037 bytes).
PDF statistics:
 231 PDF objects out of 1000 (max. 8388607)
 215 compressed objects within 3 object streams
 100 named destinations out of 1000 (max. 500000)
 145 words of extra memory for PDF output out of 10000 (max. 10000000)

